2025-09-03 03:32:28,682 INFO RPC interface 'supervisor' initialized
2025-09-03 03:32:28,682 CRIT Server 'unix_http_server' running without any HTTP authentication checking
2025-09-03 03:32:28,684 INFO daemonizing the supervisord process
2025-09-03 03:32:28,685 INFO supervisord started with pid 2220
2025-09-03 03:32:29,688 INFO spawned: 'flask_app' with pid 2246
2025-09-03 03:32:30,720 INFO success: flask_app entered RUNNING state, process has stayed up for > than 1 seconds (startsecs)
2025-09-03 03:32:30,721 WARN exited: flask_app (exit status 1; not expected)
2025-09-03 03:32:31,724 INFO spawned: 'flask_app' with pid 2273
2025-09-03 03:32:31,755 WARN exited: flask_app (exit status 1; not expected)
2025-09-03 03:32:32,758 INFO spawned: 'flask_app' with pid 2275
2025-09-03 03:32:32,791 WARN exited: flask_app (exit status 1; not expected)
2025-09-03 03:32:35,055 INFO spawned: 'flask_app' with pid 2323
2025-09-03 03:32:36,100 INFO success: flask_app entered RUNNING state, process has stayed up for > than 1 seconds (startsecs)
2025-09-03 03:32:36,100 WARN exited: flask_app (exit status 1; not expected)
2025-09-03 03:32:37,103 INFO spawned: 'flask_app' with pid 2332
2025-09-03 03:32:37,133 WARN exited: flask_app (exit status 1; not expected)
2025-09-03 03:32:38,136 INFO spawned: 'flask_app' with pid 2360
2025-09-03 03:32:39,168 INFO success: flask_app entered RUNNING state, process has stayed up for > than 1 seconds (startsecs)
2025-09-03 03:32:39,169 WARN exited: flask_app (exit status 1; not expected)
2025-09-03 03:32:40,172 INFO spawned: 'flask_app' with pid 2382
2025-09-03 03:32:40,203 WARN exited: flask_app (exit status 1; not expected)
2025-09-03 03:32:41,206 INFO spawned: 'flask_app' with pid 2383
2025-09-03 03:32:41,237 WARN exited: flask_app (exit status 1; not expected)
2025-09-03 03:32:43,240 INFO spawned: 'flask_app' with pid 2419
2025-09-03 03:32:44,285 INFO success: flask_app entered RUNNING state, process has stayed up for > than 1 seconds (startsecs)
2025-09-03 03:32:44,286 WARN exited: flask_app (exit status 1; not expected)
2025-09-03 03:32:45,289 INFO spawned: 'flask_app' with pid 2447
2025-09-03 03:32:46,949 INFO success: flask_app entered RUNNING state, process has stayed up for > than 1 seconds (startsecs)
2025-09-03 03:32:50,420 INFO waiting for flask_app to stop
2025-09-03 03:32:50,520 INFO stopped: flask_app (exit status 0)
2025-09-03 03:32:50,525 INFO spawned: 'flask_app' with pid 2462
2025-09-03 03:32:52,208 INFO success: flask_app entered RUNNING state, process has stayed up for > than 1 seconds (startsecs)
2025-09-03 03:39:19,575 INFO waiting for flask_app to stop
2025-09-03 03:39:19,692 INFO stopped: flask_app (exit status 0)
2025-09-03 03:39:19,697 INFO spawned: 'flask_app' with pid 3395
2025-09-03 03:39:21,304 INFO success: flask_app entered RUNNING state, process has stayed up for > than 1 seconds (startsecs)
2025-09-03 03:47:13,948 INFO waiting for flask_app to stop
2025-09-03 03:47:14,054 INFO stopped: flask_app (exit status 0)
2025-09-03 03:47:14,060 INFO spawned: 'flask_app' with pid 4623
2025-09-03 03:47:15,615 INFO success: flask_app entered RUNNING state, process has stayed up for > than 1 seconds (startsecs)
2025-09-03 03:49:55,042 INFO waiting for flask_app to stop
2025-09-03 03:49:55,139 INFO stopped: flask_app (exit status 0)
2025-09-03 03:49:55,144 INFO spawned: 'flask_app' with pid 5108
2025-09-03 03:49:56,716 INFO success: flask_app entered RUNNING state, process has stayed up for > than 1 seconds (startsecs)
2025-09-03 03:56:39,476 INFO waiting for flask_app to stop
2025-09-03 03:56:39,570 INFO stopped: flask_app (exit status 0)
2025-09-03 03:56:39,574 INFO spawned: 'flask_app' with pid 5741
2025-09-03 03:56:41,114 INFO success: flask_app entered RUNNING state, process has stayed up for > than 1 seconds (startsecs)
2025-09-03 04:48:11,805 INFO waiting for flask_app to stop
2025-09-03 04:48:11,941 INFO stopped: flask_app (exit status 0)
2025-09-03 04:48:11,946 INFO spawned: 'flask_app' with pid 10497
2025-09-03 04:48:13,544 INFO success: flask_app entered RUNNING state, process has stayed up for > than 1 seconds (startsecs)
2025-09-03 04:49:06,179 INFO waiting for flask_app to stop
2025-09-03 04:49:06,439 INFO stopped: flask_app (exit status 0)
2025-09-03 04:49:06,446 INFO spawned: 'flask_app' with pid 10815
2025-09-03 04:49:08,128 INFO success: flask_app entered RUNNING state, process has stayed up for > than 1 seconds (startsecs)
2025-09-03 05:53:49,388 INFO waiting for flask_app to stop
2025-09-03 05:53:49,598 INFO stopped: flask_app (exit status 0)
2025-09-03 05:53:49,604 INFO spawned: 'flask_app' with pid 16423
2025-09-03 05:53:51,280 INFO success: flask_app entered RUNNING state, process has stayed up for > than 1 seconds (startsecs)
2025-09-03 06:12:35,894 INFO waiting for flask_app to stop
2025-09-03 06:12:36,012 INFO stopped: flask_app (exit status 0)
2025-09-03 06:12:36,017 INFO spawned: 'flask_app' with pid 18413
2025-09-03 06:12:37,581 INFO success: flask_app entered RUNNING state, process has stayed up for > than 1 seconds (startsecs)
2025-09-04 20:56:52,170 INFO RPC interface 'supervisor' initialized
2025-09-04 20:56:52,170 CRIT Server 'unix_http_server' running without any HTTP authentication checking
2025-09-04 20:56:52,174 INFO daemonizing the supervisord process
2025-09-04 20:56:52,175 INFO supervisord started with pid 1444
2025-09-04 20:56:53,180 INFO spawned: 'flask_app' with pid 1446
2025-09-04 20:56:53,225 WARN exited: flask_app (exit status 1; not expected)
2025-09-04 20:56:54,229 INFO spawned: 'flask_app' with pid 1448
2025-09-04 20:56:54,304 WARN exited: flask_app (exit status 1; not expected)
2025-09-04 20:56:56,309 INFO spawned: 'flask_app' with pid 1451
2025-09-04 20:56:56,380 WARN exited: flask_app (exit status 1; not expected)
2025-09-04 20:56:59,387 INFO spawned: 'flask_app' with pid 1455
2025-09-04 20:56:59,433 WARN exited: flask_app (exit status 1; not expected)
2025-09-04 20:57:00,438 INFO gave up: flask_app entered FATAL state, too many start retries too quickly
2025-09-04 21:39:25,635 INFO spawned: 'flask_app' with pid 5786
2025-09-04 21:39:27,215 INFO success: flask_app entered RUNNING state, process has stayed up for > than 1 seconds (startsecs)
2025-09-04 21:52:33,412 INFO waiting for flask_app to stop
2025-09-04 21:52:33,592 INFO stopped: flask_app (exit status 0)
2025-09-04 21:52:33,596 INFO spawned: 'flask_app' with pid 7584
2025-09-04 21:52:35,143 INFO success: flask_app entered RUNNING state, process has stayed up for > than 1 seconds (startsecs)
2025-09-04 23:46:11,277 INFO waiting for flask_app to stop
2025-09-04 23:46:11,382 INFO stopped: flask_app (exit status 0)
2025-09-04 23:46:11,387 INFO spawned: 'flask_app' with pid 14854
2025-09-04 23:46:12,889 INFO success: flask_app entered RUNNING state, process has stayed up for > than 1 seconds (startsecs)
2025-09-04 23:54:31,382 INFO waiting for flask_app to stop
2025-09-04 23:54:31,483 INFO stopped: flask_app (exit status 0)
2025-09-04 23:54:31,486 INFO spawned: 'flask_app' with pid 15687
2025-09-04 23:54:33,006 INFO success: flask_app entered RUNNING state, process has stayed up for > than 1 seconds (startsecs)
2025-09-05 00:26:49,177 INFO waiting for flask_app to stop
2025-09-05 00:26:49,271 INFO stopped: flask_app (exit status 0)
2025-09-05 00:26:49,276 INFO spawned: 'flask_app' with pid 18278
2025-09-05 00:26:50,527 INFO success: flask_app entered RUNNING state, process has stayed up for > than 1 seconds (startsecs)
2025-09-05 00:28:43,681 INFO waiting for flask_app to stop
2025-09-05 00:28:43,799 INFO stopped: flask_app (exit status 0)
2025-09-05 00:28:43,804 INFO spawned: 'flask_app' with pid 18579
2025-09-05 00:28:45,347 INFO success: flask_app entered RUNNING state, process has stayed up for > than 1 seconds (startsecs)
2025-09-05 00:58:13,334 INFO waiting for flask_app to stop
2025-09-05 00:58:13,448 INFO stopped: flask_app (exit status 0)
2025-09-05 00:58:13,454 INFO spawned: 'flask_app' with pid 22560
2025-09-05 00:58:15,064 INFO success: flask_app entered RUNNING state, process has stayed up for > than 1 seconds (startsecs)
2025-09-05 01:09:07,437 INFO waiting for flask_app to stop
2025-09-05 01:09:07,529 INFO stopped: flask_app (exit status 0)
2025-09-05 01:09:07,536 INFO spawned: 'flask_app' with pid 23686
2025-09-05 01:09:09,156 INFO success: flask_app entered RUNNING state, process has stayed up for > than 1 seconds (startsecs)
2025-09-05 01:15:29,458 INFO waiting for flask_app to stop
2025-09-05 01:15:29,578 INFO stopped: flask_app (exit status 0)
2025-09-05 01:15:29,583 INFO spawned: 'flask_app' with pid 24618
2025-09-05 01:15:31,196 INFO success: flask_app entered RUNNING state, process has stayed up for > than 1 seconds (startsecs)
2025-09-05 01:24:31,579 INFO waiting for flask_app to stop
2025-09-05 01:24:31,677 INFO stopped: flask_app (exit status 0)
2025-09-05 01:24:31,681 INFO spawned: 'flask_app' with pid 25764
2025-09-05 01:24:33,249 INFO success: flask_app entered RUNNING state, process has stayed up for > than 1 seconds (startsecs)
2025-09-05 01:34:09,658 INFO waiting for flask_app to stop
2025-09-05 01:34:09,738 INFO stopped: flask_app (exit status 0)
2025-09-05 01:34:09,742 INFO spawned: 'flask_app' with pid 26540
2025-09-05 01:34:11,300 INFO success: flask_app entered RUNNING state, process has stayed up for > than 1 seconds (startsecs)
2025-09-05 01:45:34,383 INFO waiting for flask_app to stop
2025-09-05 01:45:34,462 INFO stopped: flask_app (exit status 0)
2025-09-05 01:45:34,466 INFO spawned: 'flask_app' with pid 28037
2025-09-05 01:45:35,996 INFO success: flask_app entered RUNNING state, process has stayed up for > than 1 seconds (startsecs)
